<?xml version="1.0" encoding="UTF-8"?>
<!-- Generated by org.testng.reporters.JUnitReportReporter -->
<testsuite hostname="LIN41006109" failures="0" tests="5" name="tests.ProductTest" time="0.008" errors="0" timestamp="2022-07-12T16:40:03 IST" skipped="0">
  <testcase classname="tests.ProductTest" name="verifyGetRequest" time="0.001"/>
  <system-out/>
  <testcase classname="tests.ProductTest" name="verifyGetRequest" time="0.001"/>
  <system-out/>
  <testcase classname="tests.ProductTest" name="verifyGetRequest" time="0.001"/>
  <system-out/>
  <testcase classname="tests.ProductTest" name="verifyGetRequest" time="0.001"/>
  <system-out/>
  <testcase classname="tests.ProductTest" name="verifyGetRequest" time="0.004"/>
  <system-out/>
</testsuite> <!-- tests.ProductTest -->
