<?xml version="1.0" encoding="UTF-8"?>
<!-- Generated by org.testng.reporters.JUnitReportReporter -->
<testsuite hostname="LIN41006109" failures="0" tests="5" name="tests.ProductTest" time="1.802" errors="0" timestamp="2022-07-13T13:34:17 IST" skipped="0">
  <testcase classname="tests.ProductTest" name="validateRequest" time="0.068"/>
  <system-out/>
  <testcase classname="tests.ProductTest" name="validateRequest" time="1.493"/>
  <system-out/>
  <testcase classname="tests.ProductTest" name="validateRequest" time="0.059"/>
  <system-out/>
  <testcase classname="tests.ProductTest" name="validateRequest" time="0.123"/>
  <system-out/>
  <testcase classname="tests.ProductTest" name="validateRequest" time="0.059"/>
  <system-out/>
</testsuite> <!-- tests.ProductTest -->
